{"numFailedTestSuites":1,"numFailedTests":10,"numPassedTestSuites":7,"numPassedTests":55,"numPendingTestSuites":0,"numPendingTests":0,"numRuntimeErrorTestSuites":0,"numTodoTests":0,"numTotalTestSuites":8,"numTotalTests":65,"openHandles":[],"snapshot":{"added":0,"didUpdate":false,"failure":false,"filesAdded":0,"filesRemoved":0,"filesRemovedList":[],"filesUnmatched":0,"filesUpdated":0,"matched":0,"total":0,"unchecked":0,"uncheckedKeysByFile":[],"unmatched":0,"updated":0},"startTime":1771151406533,"success":false,"testResults":[{"assertionResults":[{"ancestorTitles":["Order Integration Tests"],"duration":469,"failing":false,"failureDetails":[],"failureMessages":[],"fullName":"Order Integration Tests register and login user for orders","invocations":1,"location":null,"numPassingAsserts":1,"retryReasons":[],"startAt":1771151423069,"status":"passed","title":"register and login user for orders"},{"ancestorTitles":["Order Integration Tests"],"duration":228,"failing":false,"failureDetails":[],"failureMessages":[],"fullName":"Order Integration Tests POST /api/order should place an order","invocations":1,"location":null,"numPassingAsserts":2,"retryReasons":[],"startAt":1771151423539,"status":"passed","title":"POST /api/order should place an order"},{"ancestorTitles":["Order Integration Tests"],"duration":174,"failing":false,"failureDetails":[],"failureMessages":[],"fullName":"Order Integration Tests GET /api/order/:id should return order; PUT should update; DELETE should remove","invocations":1,"location":null,"numPassingAsserts":6,"retryReasons":[],"startAt":1771151423768,"status":"passed","title":"GET /api/order/:id should return order; PUT should update; DELETE should remove"}],"endTime":1771151424040,"message":"","name":"D:\\PawCare-Backend\\src\\__tests__\\integration\\order.test.ts","startTime":1771151407165,"status":"passed","summary":""},{"assertionResults":[{"ancestorTitles":["Booking Integration Tests"],"duration":244,"failing":false,"failureDetails":[],"failureMessages":[],"fullName":"Booking Integration Tests register and login user for booking","invocations":1,"location":null,"numPassingAsserts":1,"retryReasons":[],"startAt":1771151426553,"status":"passed","title":"register and login user for booking"},{"ancestorTitles":["Booking Integration Tests"],"duration":46,"failing":false,"failureDetails":[],"failureMessages":[],"fullName":"Booking Integration Tests POST /api/booking should create booking","invocations":1,"location":null,"numPassingAsserts":3,"retryReasons":[],"startAt":1771151426797,"status":"passed","title":"POST /api/booking should create booking"},{"ancestorTitles":["Booking Integration Tests"],"duration":39,"failing":false,"failureDetails":[],"failureMessages":[],"fullName":"Booking Integration Tests GET /api/booking/:id should return booking","invocations":1,"location":null,"numPassingAsserts":3,"retryReasons":[],"startAt":1771151426844,"status":"passed","title":"GET /api/booking/:id should return booking"},{"ancestorTitles":["Booking Integration Tests"],"duration":69,"failing":false,"failureDetails":[],"failureMessages":[],"fullName":"Booking Integration Tests PUT /api/booking/:id should update and DELETE should remove booking","invocations":1,"location":null,"numPassingAsserts":4,"retryReasons":[],"startAt":1771151426884,"status":"passed","title":"PUT /api/booking/:id should update and DELETE should remove booking"}],"endTime":1771151427017,"message":"","name":"D:\\PawCare-Backend\\src\\__tests__\\integration\\booking.test.ts","startTime":1771151424121,"status":"passed","summary":""},{"assertionResults":[{"ancestorTitles":["Public endpoints smoke tests"],"duration":118,"failing":false,"failureDetails":[],"failureMessages":[],"fullName":"Public endpoints smoke tests public endpoint #1 GET /","invocations":1,"location":null,"numPassingAsserts":2,"retryReasons":[],"startAt":1771151427934,"status":"passed","title":"public endpoint #1 GET /"},{"ancestorTitles":["Public endpoints smoke tests"],"duration":139,"failing":false,"failureDetails":[{"matcherResult":{"message":"\u001b[2mexpect(\u001b[22m\u001b[31mreceived\u001b[39m\u001b[2m).\u001b[22mtoHaveProperty\u001b[2m(\u001b[22m\u001b[32mpath\u001b[39m\u001b[2m)\u001b[22m\n\nExpected path: \u001b[32m\"success\"\u001b[39m\nReceived path: \u001b[31m[]\u001b[39m\n\nReceived value: \u001b[31m{}\u001b[39m","pass":false}}],"failureMessages":["Error: \u001b[2mexpect(\u001b[22m\u001b[31mreceived\u001b[39m\u001b[2m).\u001b[22mtoHaveProperty\u001b[2m(\u001b[22m\u001b[32mpath\u001b[39m\u001b[2m)\u001b[22m\n\nExpected path: \u001b[32m\"success\"\u001b[39m\nReceived path: \u001b[31m[]\u001b[39m\n\nReceived value: \u001b[31m{}\u001b[39m\n    at Object.<anonymous> (D:\\PawCare-Backend\\src\\__tests__\\integration\\public_endpoints.test.ts:42:30)\n    at processTicksAndRejections (node:internal/process/task_queues:103:5)"],"fullName":"Public endpoints smoke tests public endpoint #2 GET /api","invocations":1,"location":null,"numPassingAsserts":0,"retryReasons":[],"startAt":1771151428054,"status":"failed","title":"public endpoint #2 GET /api"},{"ancestorTitles":["Public endpoints smoke tests"],"duration":116,"failing":false,"failureDetails":[],"failureMessages":[],"fullName":"Public endpoints smoke tests public endpoint #3 GET /api/service","invocations":1,"location":null,"numPassingAsserts":2,"retryReasons":[],"startAt":1771151428198,"status":"passed","title":"public endpoint #3 GET /api/service"},{"ancestorTitles":["Public endpoints smoke tests"],"duration":24,"failing":false,"failureDetails":[],"failureMessages":[],"fullName":"Public endpoints smoke tests public endpoint #4 GET /api/service/invalid-id","invocations":1,"location":null,"numPassingAsserts":2,"retryReasons":[],"startAt":1771151428315,"status":"passed","title":"public endpoint #4 GET /api/service/invalid-id"},{"ancestorTitles":["Public endpoints smoke tests"],"duration":46,"failing":false,"failureDetails":[],"failureMessages":[],"fullName":"Public endpoints smoke tests public endpoint #5 GET /api/post","invocations":1,"location":null,"numPassingAsserts":2,"retryReasons":[],"startAt":1771151428340,"status":"passed","title":"public endpoint #5 GET /api/post"},{"ancestorTitles":["Public endpoints smoke tests"],"duration":21,"failing":false,"failureDetails":[],"failureMessages":[],"fullName":"Public endpoints smoke tests public endpoint #6 GET /api/post/invalid-id","invocations":1,"location":null,"numPassingAsserts":2,"retryReasons":[],"startAt":1771151428387,"status":"passed","title":"public endpoint #6 GET /api/post/invalid-id"},{"ancestorTitles":["Public endpoints smoke tests"],"duration":37,"failing":false,"failureDetails":[{"matcherResult":{"message":"\u001b[2mexpect(\u001b[22m\u001b[31mreceived\u001b[39m\u001b[2m).\u001b[22mtoHaveProperty\u001b[2m(\u001b[22m\u001b[32mpath\u001b[39m\u001b[2m)\u001b[22m\n\nExpected path: \u001b[32m\"success\"\u001b[39m\nReceived path: \u001b[31m[]\u001b[39m\n\nReceived value: \u001b[31m{}\u001b[39m","pass":false}}],"failureMessages":["Error: \u001b[2mexpect(\u001b[22m\u001b[31mreceived\u001b[39m\u001b[2m).\u001b[22mtoHaveProperty\u001b[2m(\u001b[22m\u001b[32mpath\u001b[39m\u001b[2m)\u001b[22m\n\nExpected path: \u001b[32m\"success\"\u001b[39m\nReceived path: \u001b[31m[]\u001b[39m\n\nReceived value: \u001b[31m{}\u001b[39m\n    at Object.<anonymous> (D:\\PawCare-Backend\\src\\__tests__\\integration\\public_endpoints.test.ts:42:30)\n    at processTicksAndRejections (node:internal/process/task_queues:103:5)"],"fullName":"Public endpoints smoke tests public endpoint #7 GET /api/product","invocations":1,"location":null,"numPassingAsserts":0,"retryReasons":[],"startAt":1771151428409,"status":"failed","title":"public endpoint #7 GET /api/product"},{"ancestorTitles":["Public endpoints smoke tests"],"duration":75,"failing":false,"failureDetails":[],"failureMessages":[],"fullName":"Public endpoints smoke tests public endpoint #8 GET /api/provider","invocations":1,"location":null,"numPassingAsserts":2,"retryReasons":[],"startAt":1771151428447,"status":"passed","title":"public endpoint #8 GET /api/provider"},{"ancestorTitles":["Public endpoints smoke tests"],"duration":21,"failing":false,"failureDetails":[],"failureMessages":[],"fullName":"Public endpoints smoke tests public endpoint #9 GET /api/provider/invalid-id","invocations":1,"location":null,"numPassingAsserts":2,"retryReasons":[],"startAt":1771151428523,"status":"passed","title":"public endpoint #9 GET /api/provider/invalid-id"},{"ancestorTitles":["Public endpoints smoke tests"],"duration":25,"failing":false,"failureDetails":[],"failureMessages":[],"fullName":"Public endpoints smoke tests public endpoint #10 GET /api/user/pet","invocations":1,"location":null,"numPassingAsserts":2,"retryReasons":[],"startAt":1771151428545,"status":"passed","title":"public endpoint #10 GET /api/user/pet"},{"ancestorTitles":["Public endpoints smoke tests"],"duration":27,"failing":false,"failureDetails":[],"failureMessages":[],"fullName":"Public endpoints smoke tests public endpoint #11 GET /api/booking","invocations":1,"location":null,"numPassingAsserts":2,"retryReasons":[],"startAt":1771151428571,"status":"passed","title":"public endpoint #11 GET /api/booking"},{"ancestorTitles":["Public endpoints smoke tests"],"duration":18,"failing":false,"failureDetails":[{"matcherResult":{"message":"\u001b[2mexpect(\u001b[22m\u001b[31mreceived\u001b[39m\u001b[2m).\u001b[22mtoHaveProperty\u001b[2m(\u001b[22m\u001b[32mpath\u001b[39m\u001b[2m)\u001b[22m\n\nExpected path: \u001b[32m\"success\"\u001b[39m\nReceived path: \u001b[31m[]\u001b[39m\n\nReceived value: \u001b[31m{}\u001b[39m","pass":false}}],"failureMessages":["Error: \u001b[2mexpect(\u001b[22m\u001b[31mreceived\u001b[39m\u001b[2m).\u001b[22mtoHaveProperty\u001b[2m(\u001b[22m\u001b[32mpath\u001b[39m\u001b[2m)\u001b[22m\n\nExpected path: \u001b[32m\"success\"\u001b[39m\nReceived path: \u001b[31m[]\u001b[39m\n\nReceived value: \u001b[31m{}\u001b[39m\n    at Object.<anonymous> (D:\\PawCare-Backend\\src\\__tests__\\integration\\public_endpoints.test.ts:42:30)\n    at processTicksAndRejections (node:internal/process/task_queues:103:5)"],"fullName":"Public endpoints smoke tests public endpoint #12 GET /api/order","invocations":1,"location":null,"numPassingAsserts":0,"retryReasons":[],"startAt":1771151428599,"status":"failed","title":"public endpoint #12 GET /api/order"},{"ancestorTitles":["Public endpoints smoke tests"],"duration":25,"failing":false,"failureDetails":[{"matcherResult":{"message":"\u001b[2mexpect(\u001b[22m\u001b[31mreceived\u001b[39m\u001b[2m).\u001b[22mtoHaveProperty\u001b[2m(\u001b[22m\u001b[32mpath\u001b[39m\u001b[2m)\u001b[22m\n\nExpected path: \u001b[32m\"success\"\u001b[39m\nReceived path: \u001b[31m[]\u001b[39m\n\nReceived value: \u001b[31m{}\u001b[39m","pass":false}}],"failureMessages":["Error: \u001b[2mexpect(\u001b[22m\u001b[31mreceived\u001b[39m\u001b[2m).\u001b[22mtoHaveProperty\u001b[2m(\u001b[22m\u001b[32mpath\u001b[39m\u001b[2m)\u001b[22m\n\nExpected path: \u001b[32m\"success\"\u001b[39m\nReceived path: \u001b[31m[]\u001b[39m\n\nReceived value: \u001b[31m{}\u001b[39m\n    at Object.<anonymous> (D:\\PawCare-Backend\\src\\__tests__\\integration\\public_endpoints.test.ts:42:30)\n    at processTicksAndRejections (node:internal/process/task_queues:103:5)"],"fullName":"Public endpoints smoke tests public endpoint #13 GET /api/review","invocations":1,"location":null,"numPassingAsserts":0,"retryReasons":[],"startAt":1771151428617,"status":"failed","title":"public endpoint #13 GET /api/review"},{"ancestorTitles":["Public endpoints smoke tests"],"duration":21,"failing":false,"failureDetails":[],"failureMessages":[],"fullName":"Public endpoints smoke tests public endpoint #14 GET /api/message","invocations":1,"location":null,"numPassingAsserts":2,"retryReasons":[],"startAt":1771151428643,"status":"passed","title":"public endpoint #14 GET /api/message"},{"ancestorTitles":["Public endpoints smoke tests"],"duration":22,"failing":false,"failureDetails":[{"matcherResult":{"message":"\u001b[2mexpect(\u001b[22m\u001b[31mreceived\u001b[39m\u001b[2m).\u001b[22mtoHaveProperty\u001b[2m(\u001b[22m\u001b[32mpath\u001b[39m\u001b[2m)\u001b[22m\n\nExpected path: \u001b[32m\"success\"\u001b[39m\nReceived path: \u001b[31m[]\u001b[39m\n\nReceived value: \u001b[31m{}\u001b[39m","pass":false}}],"failureMessages":["Error: \u001b[2mexpect(\u001b[22m\u001b[31mreceived\u001b[39m\u001b[2m).\u001b[22mtoHaveProperty\u001b[2m(\u001b[22m\u001b[32mpath\u001b[39m\u001b[2m)\u001b[22m\n\nExpected path: \u001b[32m\"success\"\u001b[39m\nReceived path: \u001b[31m[]\u001b[39m\n\nReceived value: \u001b[31m{}\u001b[39m\n    at Object.<anonymous> (D:\\PawCare-Backend\\src\\__tests__\\integration\\public_endpoints.test.ts:42:30)\n    at processTicksAndRejections (node:internal/process/task_queues:103:5)"],"fullName":"Public endpoints smoke tests public endpoint #15 GET /api/health-record","invocations":1,"location":null,"numPassingAsserts":0,"retryReasons":[],"startAt":1771151428665,"status":"failed","title":"public endpoint #15 GET /api/health-record"},{"ancestorTitles":["Public endpoints smoke tests"],"duration":20,"failing":false,"failureDetails":[{"matcherResult":{"message":"\u001b[2mexpect(\u001b[22m\u001b[31mreceived\u001b[39m\u001b[2m).\u001b[22mtoHaveProperty\u001b[2m(\u001b[22m\u001b[32mpath\u001b[39m\u001b[2m)\u001b[22m\n\nExpected path: \u001b[32m\"success\"\u001b[39m\nReceived path: \u001b[31m[]\u001b[39m\n\nReceived value: \u001b[31m{}\u001b[39m","pass":false}}],"failureMessages":["Error: \u001b[2mexpect(\u001b[22m\u001b[31mreceived\u001b[39m\u001b[2m).\u001b[22mtoHaveProperty\u001b[2m(\u001b[22m\u001b[32mpath\u001b[39m\u001b[2m)\u001b[22m\n\nExpected path: \u001b[32m\"success\"\u001b[39m\nReceived path: \u001b[31m[]\u001b[39m\n\nReceived value: \u001b[31m{}\u001b[39m\n    at Object.<anonymous> (D:\\PawCare-Backend\\src\\__tests__\\integration\\public_endpoints.test.ts:42:30)\n    at processTicksAndRejections (node:internal/process/task_queues:103:5)"],"fullName":"Public endpoints smoke tests public endpoint #16 GET /api/attachment","invocations":1,"location":null,"numPassingAsserts":0,"retryReasons":[],"startAt":1771151428689,"status":"failed","title":"public endpoint #16 GET /api/attachment"},{"ancestorTitles":["Public endpoints smoke tests"],"duration":19,"failing":false,"failureDetails":[{"matcherResult":{"message":"\u001b[2mexpect(\u001b[22m\u001b[31mreceived\u001b[39m\u001b[2m).\u001b[22mtoHaveProperty\u001b[2m(\u001b[22m\u001b[32mpath\u001b[39m\u001b[2m)\u001b[22m\n\nExpected path: \u001b[32m\"success\"\u001b[39m\nReceived path: \u001b[31m[]\u001b[39m\n\nReceived value: \u001b[31m{}\u001b[39m","pass":false}}],"failureMessages":["Error: \u001b[2mexpect(\u001b[22m\u001b[31mreceived\u001b[39m\u001b[2m).\u001b[22mtoHaveProperty\u001b[2m(\u001b[22m\u001b[32mpath\u001b[39m\u001b[2m)\u001b[22m\n\nExpected path: \u001b[32m\"success\"\u001b[39m\nReceived path: \u001b[31m[]\u001b[39m\n\nReceived value: \u001b[31m{}\u001b[39m\n    at Object.<anonymous> (D:\\PawCare-Backend\\src\\__tests__\\integration\\public_endpoints.test.ts:42:30)\n    at processTicksAndRejections (node:internal/process/task_queues:103:5)"],"fullName":"Public endpoints smoke tests public endpoint #17 GET /api/feedback","invocations":1,"location":null,"numPassingAsserts":0,"retryReasons":[],"startAt":1771151428711,"status":"failed","title":"public endpoint #17 GET /api/feedback"},{"ancestorTitles":["Public endpoints smoke tests"],"duration":30,"failing":false,"failureDetails":[],"failureMessages":[],"fullName":"Public endpoints smoke tests public endpoint #18 GET /api/provider/service","invocations":1,"location":null,"numPassingAsserts":2,"retryReasons":[],"startAt":1771151428731,"status":"passed","title":"public endpoint #18 GET /api/provider/service"},{"ancestorTitles":["Public endpoints smoke tests"],"duration":20,"failing":false,"failureDetails":[],"failureMessages":[],"fullName":"Public endpoints smoke tests public endpoint #19 GET /api/provider/inventory","invocations":1,"location":null,"numPassingAsserts":2,"retryReasons":[],"startAt":1771151428761,"status":"passed","title":"public endpoint #19 GET /api/provider/inventory"},{"ancestorTitles":["Public endpoints smoke tests"],"duration":23,"failing":false,"failureDetails":[{"matcherResult":{"message":"\u001b[2mexpect(\u001b[22m\u001b[31mreceived\u001b[39m\u001b[2m).\u001b[22mtoHaveProperty\u001b[2m(\u001b[22m\u001b[32mpath\u001b[39m\u001b[2m)\u001b[22m\n\nExpected path: \u001b[32m\"success\"\u001b[39m\nReceived path: \u001b[31m[]\u001b[39m\n\nReceived value: \u001b[31m{}\u001b[39m","pass":false}}],"failureMessages":["Error: \u001b[2mexpect(\u001b[22m\u001b[31mreceived\u001b[39m\u001b[2m).\u001b[22mtoHaveProperty\u001b[2m(\u001b[22m\u001b[32mpath\u001b[39m\u001b[2m)\u001b[22m\n\nExpected path: \u001b[32m\"success\"\u001b[39m\nReceived path: \u001b[31m[]\u001b[39m\n\nReceived value: \u001b[31m{}\u001b[39m\n    at Object.<anonymous> (D:\\PawCare-Backend\\src\\__tests__\\integration\\public_endpoints.test.ts:42:30)\n    at processTicksAndRejections (node:internal/process/task_queues:103:5)"],"fullName":"Public endpoints smoke tests public endpoint #20 GET /api/admin/stats","invocations":1,"location":null,"numPassingAsserts":0,"retryReasons":[],"startAt":1771151428782,"status":"failed","title":"public endpoint #20 GET /api/admin/stats"},{"ancestorTitles":["Public endpoints smoke tests"],"duration":44,"failing":false,"failureDetails":[],"failureMessages":[],"fullName":"Public endpoints smoke tests public endpoint #21 POST /api/auth/request-password-reset","invocations":1,"location":null,"numPassingAsserts":2,"retryReasons":[],"startAt":1771151428806,"status":"passed","title":"public endpoint #21 POST /api/auth/request-password-reset"},{"ancestorTitles":["Public endpoints smoke tests"],"duration":28,"failing":false,"failureDetails":[],"failureMessages":[],"fullName":"Public endpoints smoke tests public endpoint #22 POST /api/auth/reset-password/invalid-token","invocations":1,"location":null,"numPassingAsserts":2,"retryReasons":[],"startAt":1771151428852,"status":"passed","title":"public endpoint #22 POST /api/auth/reset-password/invalid-token"},{"ancestorTitles":["Public endpoints smoke tests"],"duration":29,"failing":false,"failureDetails":[{"matcherResult":{"message":"\u001b[2mexpect(\u001b[22m\u001b[31mreceived\u001b[39m\u001b[2m).\u001b[22mtoHaveProperty\u001b[2m(\u001b[22m\u001b[32mpath\u001b[39m\u001b[2m)\u001b[22m\n\nExpected path: \u001b[32m\"success\"\u001b[39m\nReceived path: \u001b[31m[]\u001b[39m\n\nReceived value: \u001b[31m{}\u001b[39m","pass":false}}],"failureMessages":["Error: \u001b[2mexpect(\u001b[22m\u001b[31mreceived\u001b[39m\u001b[2m).\u001b[22mtoHaveProperty\u001b[2m(\u001b[22m\u001b[32mpath\u001b[39m\u001b[2m)\u001b[22m\n\nExpected path: \u001b[32m\"success\"\u001b[39m\nReceived path: \u001b[31m[]\u001b[39m\n\nReceived value: \u001b[31m{}\u001b[39m\n    at Object.<anonymous> (D:\\PawCare-Backend\\src\\__tests__\\integration\\public_endpoints.test.ts:42:30)\n    at processTicksAndRejections (node:internal/process/task_queues:103:5)"],"fullName":"Public endpoints smoke tests public endpoint #23 POST /api/upload","invocations":1,"location":null,"numPassingAsserts":0,"retryReasons":[],"startAt":1771151428881,"status":"failed","title":"public endpoint #23 POST /api/upload"},{"ancestorTitles":["Public endpoints smoke tests"],"duration":26,"failing":false,"failureDetails":[{"matcherResult":{"message":"\u001b[2mexpect(\u001b[22m\u001b[31mreceived\u001b[39m\u001b[2m).\u001b[22mtoHaveProperty\u001b[2m(\u001b[22m\u001b[32mpath\u001b[39m\u001b[2m)\u001b[22m\n\nExpected path: \u001b[32m\"success\"\u001b[39m\nReceived path: \u001b[31m[]\u001b[39m\n\nReceived value: \u001b[31m{}\u001b[39m","pass":false}}],"failureMessages":["Error: \u001b[2mexpect(\u001b[22m\u001b[31mreceived\u001b[39m\u001b[2m).\u001b[22mtoHaveProperty\u001b[2m(\u001b[22m\u001b[32mpath\u001b[39m\u001b[2m)\u001b[22m\n\nExpected path: \u001b[32m\"success\"\u001b[39m\nReceived path: \u001b[31m[]\u001b[39m\n\nReceived value: \u001b[31m{}\u001b[39m\n    at Object.<anonymous> (D:\\PawCare-Backend\\src\\__tests__\\integration\\public_endpoints.test.ts:42:30)\n    at processTicksAndRejections (node:internal/process/task_queues:103:5)"],"fullName":"Public endpoints smoke tests public endpoint #24 GET /api/v1","invocations":1,"location":null,"numPassingAsserts":0,"retryReasons":[],"startAt":1771151428911,"status":"failed","title":"public endpoint #24 GET /api/v1"}],"endTime":1771151429223,"message":"\u001b[1m\u001b[31m  \u001b[1m● \u001b[22m\u001b[1mPublic endpoints smoke tests › public endpoint #2 GET /api\u001b[39m\u001b[22m\n\n    \u001b[2mexpect(\u001b[22m\u001b[31mreceived\u001b[39m\u001b[2m).\u001b[22mtoHaveProperty\u001b[2m(\u001b[22m\u001b[32mpath\u001b[39m\u001b[2m)\u001b[22m\n\n    Expected path: \u001b[32m\"success\"\u001b[39m\n    Received path: \u001b[31m[]\u001b[39m\n\n    Received value: \u001b[31m{}\u001b[39m\n\u001b[2m\u001b[22m\n\u001b[2m    \u001b[0m \u001b[90m 40 |\u001b[39m             }\u001b[22m\n\u001b[2m     \u001b[90m 41 |\u001b[39m             \u001b[90m// All responses should be wrapped by responseStandardizer and include `success` boolean\u001b[39m\u001b[22m\n\u001b[2m    \u001b[31m\u001b[1m>\u001b[22m\u001b[2m\u001b[39m\u001b[90m 42 |\u001b[39m             expect(res\u001b[33m.\u001b[39mbody)\u001b[33m.\u001b[39mtoHaveProperty(\u001b[32m'success'\u001b[39m)\u001b[33m;\u001b[39m\u001b[22m\n\u001b[2m     \u001b[90m    |\u001b[39m                              \u001b[31m\u001b[1m^\u001b[22m\u001b[2m\u001b[39m\u001b[22m\n\u001b[2m     \u001b[90m 43 |\u001b[39m             expect(\u001b[36mtypeof\u001b[39m res\u001b[33m.\u001b[39mbody\u001b[33m.\u001b[39msuccess)\u001b[33m.\u001b[39mtoBe(\u001b[32m'boolean'\u001b[39m)\u001b[33m;\u001b[39m\u001b[22m\n\u001b[2m     \u001b[90m 44 |\u001b[39m         })\u001b[33m;\u001b[39m\u001b[22m\n\u001b[2m     \u001b[90m 45 |\u001b[39m     })\u001b[33m;\u001b[39m\u001b[0m\u001b[22m\n\u001b[2m\u001b[22m\n\u001b[2m      \u001b[2mat Object.<anonymous> (\u001b[22m\u001b[2m\u001b[0m\u001b[36msrc/__tests__/integration/public_endpoints.test.ts\u001b[39m\u001b[0m\u001b[2m:42:30)\u001b[22m\u001b[2m\u001b[22m\n\n\u001b[1m\u001b[31m  \u001b[1m● \u001b[22m\u001b[1mPublic endpoints smoke tests › public endpoint #7 GET /api/product\u001b[39m\u001b[22m\n\n    \u001b[2mexpect(\u001b[22m\u001b[31mreceived\u001b[39m\u001b[2m).\u001b[22mtoHaveProperty\u001b[2m(\u001b[22m\u001b[32mpath\u001b[39m\u001b[2m)\u001b[22m\n\n    Expected path: \u001b[32m\"success\"\u001b[39m\n    Received path: \u001b[31m[]\u001b[39m\n\n    Received value: \u001b[31m{}\u001b[39m\n\u001b[2m\u001b[22m\n\u001b[2m    \u001b[0m \u001b[90m 40 |\u001b[39m             }\u001b[22m\n\u001b[2m     \u001b[90m 41 |\u001b[39m             \u001b[90m// All responses should be wrapped by responseStandardizer and include `success` boolean\u001b[39m\u001b[22m\n\u001b[2m    \u001b[31m\u001b[1m>\u001b[22m\u001b[2m\u001b[39m\u001b[90m 42 |\u001b[39m             expect(res\u001b[33m.\u001b[39mbody)\u001b[33m.\u001b[39mtoHaveProperty(\u001b[32m'success'\u001b[39m)\u001b[33m;\u001b[39m\u001b[22m\n\u001b[2m     \u001b[90m    |\u001b[39m                              \u001b[31m\u001b[1m^\u001b[22m\u001b[2m\u001b[39m\u001b[22m\n\u001b[2m     \u001b[90m 43 |\u001b[39m             expect(\u001b[36mtypeof\u001b[39m res\u001b[33m.\u001b[39mbody\u001b[33m.\u001b[39msuccess)\u001b[33m.\u001b[39mtoBe(\u001b[32m'boolean'\u001b[39m)\u001b[33m;\u001b[39m\u001b[22m\n\u001b[2m     \u001b[90m 44 |\u001b[39m         })\u001b[33m;\u001b[39m\u001b[22m\n\u001b[2m     \u001b[90m 45 |\u001b[39m     })\u001b[33m;\u001b[39m\u001b[0m\u001b[22m\n\u001b[2m\u001b[22m\n\u001b[2m      \u001b[2mat Object.<anonymous> (\u001b[22m\u001b[2m\u001b[0m\u001b[36msrc/__tests__/integration/public_endpoints.test.ts\u001b[39m\u001b[0m\u001b[2m:42:30)\u001b[22m\u001b[2m\u001b[22m\n\n\u001b[1m\u001b[31m  \u001b[1m● \u001b[22m\u001b[1mPublic endpoints smoke tests › public endpoint #12 GET /api/order\u001b[39m\u001b[22m\n\n    \u001b[2mexpect(\u001b[22m\u001b[31mreceived\u001b[39m\u001b[2m).\u001b[22mtoHaveProperty\u001b[2m(\u001b[22m\u001b[32mpath\u001b[39m\u001b[2m)\u001b[22m\n\n    Expected path: \u001b[32m\"success\"\u001b[39m\n    Received path: \u001b[31m[]\u001b[39m\n\n    Received value: \u001b[31m{}\u001b[39m\n\u001b[2m\u001b[22m\n\u001b[2m    \u001b[0m \u001b[90m 40 |\u001b[39m             }\u001b[22m\n\u001b[2m     \u001b[90m 41 |\u001b[39m             \u001b[90m// All responses should be wrapped by responseStandardizer and include `success` boolean\u001b[39m\u001b[22m\n\u001b[2m    \u001b[31m\u001b[1m>\u001b[22m\u001b[2m\u001b[39m\u001b[90m 42 |\u001b[39m             expect(res\u001b[33m.\u001b[39mbody)\u001b[33m.\u001b[39mtoHaveProperty(\u001b[32m'success'\u001b[39m)\u001b[33m;\u001b[39m\u001b[22m\n\u001b[2m     \u001b[90m    |\u001b[39m                              \u001b[31m\u001b[1m^\u001b[22m\u001b[2m\u001b[39m\u001b[22m\n\u001b[2m     \u001b[90m 43 |\u001b[39m             expect(\u001b[36mtypeof\u001b[39m res\u001b[33m.\u001b[39mbody\u001b[33m.\u001b[39msuccess)\u001b[33m.\u001b[39mtoBe(\u001b[32m'boolean'\u001b[39m)\u001b[33m;\u001b[39m\u001b[22m\n\u001b[2m     \u001b[90m 44 |\u001b[39m         })\u001b[33m;\u001b[39m\u001b[22m\n\u001b[2m     \u001b[90m 45 |\u001b[39m     })\u001b[33m;\u001b[39m\u001b[0m\u001b[22m\n\u001b[2m\u001b[22m\n\u001b[2m      \u001b[2mat Object.<anonymous> (\u001b[22m\u001b[2m\u001b[0m\u001b[36msrc/__tests__/integration/public_endpoints.test.ts\u001b[39m\u001b[0m\u001b[2m:42:30)\u001b[22m\u001b[2m\u001b[22m\n\n\u001b[1m\u001b[31m  \u001b[1m● \u001b[22m\u001b[1mPublic endpoints smoke tests › public endpoint #13 GET /api/review\u001b[39m\u001b[22m\n\n    \u001b[2mexpect(\u001b[22m\u001b[31mreceived\u001b[39m\u001b[2m).\u001b[22mtoHaveProperty\u001b[2m(\u001b[22m\u001b[32mpath\u001b[39m\u001b[2m)\u001b[22m\n\n    Expected path: \u001b[32m\"success\"\u001b[39m\n    Received path: \u001b[31m[]\u001b[39m\n\n    Received value: \u001b[31m{}\u001b[39m\n\u001b[2m\u001b[22m\n\u001b[2m    \u001b[0m \u001b[90m 40 |\u001b[39m             }\u001b[22m\n\u001b[2m     \u001b[90m 41 |\u001b[39m             \u001b[90m// All responses should be wrapped by responseStandardizer and include `success` boolean\u001b[39m\u001b[22m\n\u001b[2m    \u001b[31m\u001b[1m>\u001b[22m\u001b[2m\u001b[39m\u001b[90m 42 |\u001b[39m             expect(res\u001b[33m.\u001b[39mbody)\u001b[33m.\u001b[39mtoHaveProperty(\u001b[32m'success'\u001b[39m)\u001b[33m;\u001b[39m\u001b[22m\n\u001b[2m     \u001b[90m    |\u001b[39m                              \u001b[31m\u001b[1m^\u001b[22m\u001b[2m\u001b[39m\u001b[22m\n\u001b[2m     \u001b[90m 43 |\u001b[39m             expect(\u001b[36mtypeof\u001b[39m res\u001b[33m.\u001b[39mbody\u001b[33m.\u001b[39msuccess)\u001b[33m.\u001b[39mtoBe(\u001b[32m'boolean'\u001b[39m)\u001b[33m;\u001b[39m\u001b[22m\n\u001b[2m     \u001b[90m 44 |\u001b[39m         })\u001b[33m;\u001b[39m\u001b[22m\n\u001b[2m     \u001b[90m 45 |\u001b[39m     })\u001b[33m;\u001b[39m\u001b[0m\u001b[22m\n\u001b[2m\u001b[22m\n\u001b[2m      \u001b[2mat Object.<anonymous> (\u001b[22m\u001b[2m\u001b[0m\u001b[36msrc/__tests__/integration/public_endpoints.test.ts\u001b[39m\u001b[0m\u001b[2m:42:30)\u001b[22m\u001b[2m\u001b[22m\n\n\u001b[1m\u001b[31m  \u001b[1m● \u001b[22m\u001b[1mPublic endpoints smoke tests › public endpoint #15 GET /api/health-record\u001b[39m\u001b[22m\n\n    \u001b[2mexpect(\u001b[22m\u001b[31mreceived\u001b[39m\u001b[2m).\u001b[22mtoHaveProperty\u001b[2m(\u001b[22m\u001b[32mpath\u001b[39m\u001b[2m)\u001b[22m\n\n    Expected path: \u001b[32m\"success\"\u001b[39m\n    Received path: \u001b[31m[]\u001b[39m\n\n    Received value: \u001b[31m{}\u001b[39m\n\u001b[2m\u001b[22m\n\u001b[2m    \u001b[0m \u001b[90m 40 |\u001b[39m             }\u001b[22m\n\u001b[2m     \u001b[90m 41 |\u001b[39m             \u001b[90m// All responses should be wrapped by responseStandardizer and include `success` boolean\u001b[39m\u001b[22m\n\u001b[2m    \u001b[31m\u001b[1m>\u001b[22m\u001b[2m\u001b[39m\u001b[90m 42 |\u001b[39m             expect(res\u001b[33m.\u001b[39mbody)\u001b[33m.\u001b[39mtoHaveProperty(\u001b[32m'success'\u001b[39m)\u001b[33m;\u001b[39m\u001b[22m\n\u001b[2m     \u001b[90m    |\u001b[39m                              \u001b[31m\u001b[1m^\u001b[22m\u001b[2m\u001b[39m\u001b[22m\n\u001b[2m     \u001b[90m 43 |\u001b[39m             expect(\u001b[36mtypeof\u001b[39m res\u001b[33m.\u001b[39mbody\u001b[33m.\u001b[39msuccess)\u001b[33m.\u001b[39mtoBe(\u001b[32m'boolean'\u001b[39m)\u001b[33m;\u001b[39m\u001b[22m\n\u001b[2m     \u001b[90m 44 |\u001b[39m         })\u001b[33m;\u001b[39m\u001b[22m\n\u001b[2m     \u001b[90m 45 |\u001b[39m     })\u001b[33m;\u001b[39m\u001b[0m\u001b[22m\n\u001b[2m\u001b[22m\n\u001b[2m      \u001b[2mat Object.<anonymous> (\u001b[22m\u001b[2m\u001b[0m\u001b[36msrc/__tests__/integration/public_endpoints.test.ts\u001b[39m\u001b[0m\u001b[2m:42:30)\u001b[22m\u001b[2m\u001b[22m\n\n\u001b[1m\u001b[31m  \u001b[1m● \u001b[22m\u001b[1mPublic endpoints smoke tests › public endpoint #16 GET /api/attachment\u001b[39m\u001b[22m\n\n    \u001b[2mexpect(\u001b[22m\u001b[31mreceived\u001b[39m\u001b[2m).\u001b[22mtoHaveProperty\u001b[2m(\u001b[22m\u001b[32mpath\u001b[39m\u001b[2m)\u001b[22m\n\n    Expected path: \u001b[32m\"success\"\u001b[39m\n    Received path: \u001b[31m[]\u001b[39m\n\n    Received value: \u001b[31m{}\u001b[39m\n\u001b[2m\u001b[22m\n\u001b[2m    \u001b[0m \u001b[90m 40 |\u001b[39m             }\u001b[22m\n\u001b[2m     \u001b[90m 41 |\u001b[39m             \u001b[90m// All responses should be wrapped by responseStandardizer and include `success` boolean\u001b[39m\u001b[22m\n\u001b[2m    \u001b[31m\u001b[1m>\u001b[22m\u001b[2m\u001b[39m\u001b[90m 42 |\u001b[39m             expect(res\u001b[33m.\u001b[39mbody)\u001b[33m.\u001b[39mtoHaveProperty(\u001b[32m'success'\u001b[39m)\u001b[33m;\u001b[39m\u001b[22m\n\u001b[2m     \u001b[90m    |\u001b[39m                              \u001b[31m\u001b[1m^\u001b[22m\u001b[2m\u001b[39m\u001b[22m\n\u001b[2m     \u001b[90m 43 |\u001b[39m             expect(\u001b[36mtypeof\u001b[39m res\u001b[33m.\u001b[39mbody\u001b[33m.\u001b[39msuccess)\u001b[33m.\u001b[39mtoBe(\u001b[32m'boolean'\u001b[39m)\u001b[33m;\u001b[39m\u001b[22m\n\u001b[2m     \u001b[90m 44 |\u001b[39m         })\u001b[33m;\u001b[39m\u001b[22m\n\u001b[2m     \u001b[90m 45 |\u001b[39m     })\u001b[33m;\u001b[39m\u001b[0m\u001b[22m\n\u001b[2m\u001b[22m\n\u001b[2m      \u001b[2mat Object.<anonymous> (\u001b[22m\u001b[2m\u001b[0m\u001b[36msrc/__tests__/integration/public_endpoints.test.ts\u001b[39m\u001b[0m\u001b[2m:42:30)\u001b[22m\u001b[2m\u001b[22m\n\n\u001b[1m\u001b[31m  \u001b[1m● \u001b[22m\u001b[1mPublic endpoints smoke tests › public endpoint #17 GET /api/feedback\u001b[39m\u001b[22m\n\n    \u001b[2mexpect(\u001b[22m\u001b[31mreceived\u001b[39m\u001b[2m).\u001b[22mtoHaveProperty\u001b[2m(\u001b[22m\u001b[32mpath\u001b[39m\u001b[2m)\u001b[22m\n\n    Expected path: \u001b[32m\"success\"\u001b[39m\n    Received path: \u001b[31m[]\u001b[39m\n\n    Received value: \u001b[31m{}\u001b[39m\n\u001b[2m\u001b[22m\n\u001b[2m    \u001b[0m \u001b[90m 40 |\u001b[39m             }\u001b[22m\n\u001b[2m     \u001b[90m 41 |\u001b[39m             \u001b[90m// All responses should be wrapped by responseStandardizer and include `success` boolean\u001b[39m\u001b[22m\n\u001b[2m    \u001b[31m\u001b[1m>\u001b[22m\u001b[2m\u001b[39m\u001b[90m 42 |\u001b[39m             expect(res\u001b[33m.\u001b[39mbody)\u001b[33m.\u001b[39mtoHaveProperty(\u001b[32m'success'\u001b[39m)\u001b[33m;\u001b[39m\u001b[22m\n\u001b[2m     \u001b[90m    |\u001b[39m                              \u001b[31m\u001b[1m^\u001b[22m\u001b[2m\u001b[39m\u001b[22m\n\u001b[2m     \u001b[90m 43 |\u001b[39m             expect(\u001b[36mtypeof\u001b[39m res\u001b[33m.\u001b[39mbody\u001b[33m.\u001b[39msuccess)\u001b[33m.\u001b[39mtoBe(\u001b[32m'boolean'\u001b[39m)\u001b[33m;\u001b[39m\u001b[22m\n\u001b[2m     \u001b[90m 44 |\u001b[39m         })\u001b[33m;\u001b[39m\u001b[22m\n\u001b[2m     \u001b[90m 45 |\u001b[39m     })\u001b[33m;\u001b[39m\u001b[0m\u001b[22m\n\u001b[2m\u001b[22m\n\u001b[2m      \u001b[2mat Object.<anonymous> (\u001b[22m\u001b[2m\u001b[0m\u001b[36msrc/__tests__/integration/public_endpoints.test.ts\u001b[39m\u001b[0m\u001b[2m:42:30)\u001b[22m\u001b[2m\u001b[22m\n\n\u001b[1m\u001b[31m  \u001b[1m● \u001b[22m\u001b[1mPublic endpoints smoke tests › public endpoint #20 GET /api/admin/stats\u001b[39m\u001b[22m\n\n    \u001b[2mexpect(\u001b[22m\u001b[31mreceived\u001b[39m\u001b[2m).\u001b[22mtoHaveProperty\u001b[2m(\u001b[22m\u001b[32mpath\u001b[39m\u001b[2m)\u001b[22m\n\n    Expected path: \u001b[32m\"success\"\u001b[39m\n    Received path: \u001b[31m[]\u001b[39m\n\n    Received value: \u001b[31m{}\u001b[39m\n\u001b[2m\u001b[22m\n\u001b[2m    \u001b[0m \u001b[90m 40 |\u001b[39m             }\u001b[22m\n\u001b[2m     \u001b[90m 41 |\u001b[39m             \u001b[90m// All responses should be wrapped by responseStandardizer and include `success` boolean\u001b[39m\u001b[22m\n\u001b[2m    \u001b[31m\u001b[1m>\u001b[22m\u001b[2m\u001b[39m\u001b[90m 42 |\u001b[39m             expect(res\u001b[33m.\u001b[39mbody)\u001b[33m.\u001b[39mtoHaveProperty(\u001b[32m'success'\u001b[39m)\u001b[33m;\u001b[39m\u001b[22m\n\u001b[2m     \u001b[90m    |\u001b[39m                              \u001b[31m\u001b[1m^\u001b[22m\u001b[2m\u001b[39m\u001b[22m\n\u001b[2m     \u001b[90m 43 |\u001b[39m             expect(\u001b[36mtypeof\u001b[39m res\u001b[33m.\u001b[39mbody\u001b[33m.\u001b[39msuccess)\u001b[33m.\u001b[39mtoBe(\u001b[32m'boolean'\u001b[39m)\u001b[33m;\u001b[39m\u001b[22m\n\u001b[2m     \u001b[90m 44 |\u001b[39m         })\u001b[33m;\u001b[39m\u001b[22m\n\u001b[2m     \u001b[90m 45 |\u001b[39m     })\u001b[33m;\u001b[39m\u001b[0m\u001b[22m\n\u001b[2m\u001b[22m\n\u001b[2m      \u001b[2mat Object.<anonymous> (\u001b[22m\u001b[2m\u001b[0m\u001b[36msrc/__tests__/integration/public_endpoints.test.ts\u001b[39m\u001b[0m\u001b[2m:42:30)\u001b[22m\u001b[2m\u001b[22m\n\n\u001b[1m\u001b[31m  \u001b[1m● \u001b[22m\u001b[1mPublic endpoints smoke tests › public endpoint #23 POST /api/upload\u001b[39m\u001b[22m\n\n    \u001b[2mexpect(\u001b[22m\u001b[31mreceived\u001b[39m\u001b[2m).\u001b[22mtoHaveProperty\u001b[2m(\u001b[22m\u001b[32mpath\u001b[39m\u001b[2m)\u001b[22m\n\n    Expected path: \u001b[32m\"success\"\u001b[39m\n    Received path: \u001b[31m[]\u001b[39m\n\n    Received value: \u001b[31m{}\u001b[39m\n\u001b[2m\u001b[22m\n\u001b[2m    \u001b[0m \u001b[90m 40 |\u001b[39m             }\u001b[22m\n\u001b[2m     \u001b[90m 41 |\u001b[39m             \u001b[90m// All responses should be wrapped by responseStandardizer and include `success` boolean\u001b[39m\u001b[22m\n\u001b[2m    \u001b[31m\u001b[1m>\u001b[22m\u001b[2m\u001b[39m\u001b[90m 42 |\u001b[39m             expect(res\u001b[33m.\u001b[39mbody)\u001b[33m.\u001b[39mtoHaveProperty(\u001b[32m'success'\u001b[39m)\u001b[33m;\u001b[39m\u001b[22m\n\u001b[2m     \u001b[90m    |\u001b[39m                              \u001b[31m\u001b[1m^\u001b[22m\u001b[2m\u001b[39m\u001b[22m\n\u001b[2m     \u001b[90m 43 |\u001b[39m             expect(\u001b[36mtypeof\u001b[39m res\u001b[33m.\u001b[39mbody\u001b[33m.\u001b[39msuccess)\u001b[33m.\u001b[39mtoBe(\u001b[32m'boolean'\u001b[39m)\u001b[33m;\u001b[39m\u001b[22m\n\u001b[2m     \u001b[90m 44 |\u001b[39m         })\u001b[33m;\u001b[39m\u001b[22m\n\u001b[2m     \u001b[90m 45 |\u001b[39m     })\u001b[33m;\u001b[39m\u001b[0m\u001b[22m\n\u001b[2m\u001b[22m\n\u001b[2m      \u001b[2mat Object.<anonymous> (\u001b[22m\u001b[2m\u001b[0m\u001b[36msrc/__tests__/integration/public_endpoints.test.ts\u001b[39m\u001b[0m\u001b[2m:42:30)\u001b[22m\u001b[2m\u001b[22m\n\n\u001b[1m\u001b[31m  \u001b[1m● \u001b[22m\u001b[1mPublic endpoints smoke tests › public endpoint #24 GET /api/v1\u001b[39m\u001b[22m\n\n    \u001b[2mexpect(\u001b[22m\u001b[31mreceived\u001b[39m\u001b[2m).\u001b[22mtoHaveProperty\u001b[2m(\u001b[22m\u001b[32mpath\u001b[39m\u001b[2m)\u001b[22m\n\n    Expected path: \u001b[32m\"success\"\u001b[39m\n    Received path: \u001b[31m[]\u001b[39m\n\n    Received value: \u001b[31m{}\u001b[39m\n\u001b[2m\u001b[22m\n\u001b[2m    \u001b[0m \u001b[90m 40 |\u001b[39m             }\u001b[22m\n\u001b[2m     \u001b[90m 41 |\u001b[39m             \u001b[90m// All responses should be wrapped by responseStandardizer and include `success` boolean\u001b[39m\u001b[22m\n\u001b[2m    \u001b[31m\u001b[1m>\u001b[22m\u001b[2m\u001b[39m\u001b[90m 42 |\u001b[39m             expect(res\u001b[33m.\u001b[39mbody)\u001b[33m.\u001b[39mtoHaveProperty(\u001b[32m'success'\u001b[39m)\u001b[33m;\u001b[39m\u001b[22m\n\u001b[2m     \u001b[90m    |\u001b[39m                              \u001b[31m\u001b[1m^\u001b[22m\u001b[2m\u001b[39m\u001b[22m\n\u001b[2m     \u001b[90m 43 |\u001b[39m             expect(\u001b[36mtypeof\u001b[39m res\u001b[33m.\u001b[39mbody\u001b[33m.\u001b[39msuccess)\u001b[33m.\u001b[39mtoBe(\u001b[32m'boolean'\u001b[39m)\u001b[33m;\u001b[39m\u001b[22m\n\u001b[2m     \u001b[90m 44 |\u001b[39m         })\u001b[33m;\u001b[39m\u001b[22m\n\u001b[2m     \u001b[90m 45 |\u001b[39m     })\u001b[33m;\u001b[39m\u001b[0m\u001b[22m\n\u001b[2m\u001b[22m\n\u001b[2m      \u001b[2mat Object.<anonymous> (\u001b[22m\u001b[2m\u001b[0m\u001b[36msrc/__tests__/integration/public_endpoints.test.ts\u001b[39m\u001b[0m\u001b[2m:42:30)\u001b[22m\u001b[2m\u001b[22m\n","name":"D:\\PawCare-Backend\\src\\__tests__\\integration\\public_endpoints.test.ts","startTime":1771151427030,"status":"failed","summary":""},{"assertionResults":[{"ancestorTitles":["Bulk Users Register/Login Tests"],"duration":171,"failing":false,"failureDetails":[],"failureMessages":[],"fullName":"Bulk Users Register/Login Tests Register user {\n  Firstname: 'Bulk0',\n  Lastname: 'Tester',\n  email: 'bulkuser0@example.com',\n  phone: '90000000100',\n  password: 'Test@1234',\n  confirmPassword: 'Test@1234'\n}","invocations":1,"location":null,"numPassingAsserts":2,"retryReasons":[],"startAt":1771151431650,"status":"passed","title":"Register user {\n  Firstname: 'Bulk0',\n  Lastname: 'Tester',\n  email: 'bulkuser0@example.com',\n  phone: '90000000100',\n  password: 'Test@1234',\n  confirmPassword: 'Test@1234'\n}"},{"ancestorTitles":["Bulk Users Register/Login Tests"],"duration":123,"failing":false,"failureDetails":[],"failureMessages":[],"fullName":"Bulk Users Register/Login Tests Register user {\n  Firstname: 'Bulk1',\n  Lastname: 'Tester',\n  email: 'bulkuser1@example.com',\n  phone: '90000000101',\n  password: 'Test@1234',\n  confirmPassword: 'Test@1234'\n}","invocations":1,"location":null,"numPassingAsserts":2,"retryReasons":[],"startAt":1771151431822,"status":"passed","title":"Register user {\n  Firstname: 'Bulk1',\n  Lastname: 'Tester',\n  email: 'bulkuser1@example.com',\n  phone: '90000000101',\n  password: 'Test@1234',\n  confirmPassword: 'Test@1234'\n}"},{"ancestorTitles":["Bulk Users Register/Login Tests"],"duration":114,"failing":false,"failureDetails":[],"failureMessages":[],"fullName":"Bulk Users Register/Login Tests Register user {\n  Firstname: 'Bulk2',\n  Lastname: 'Tester',\n  email: 'bulkuser2@example.com',\n  phone: '90000000102',\n  password: 'Test@1234',\n  confirmPassword: 'Test@1234'\n}","invocations":1,"location":null,"numPassingAsserts":2,"retryReasons":[],"startAt":1771151431946,"status":"passed","title":"Register user {\n  Firstname: 'Bulk2',\n  Lastname: 'Tester',\n  email: 'bulkuser2@example.com',\n  phone: '90000000102',\n  password: 'Test@1234',\n  confirmPassword: 'Test@1234'\n}"},{"ancestorTitles":["Bulk Users Register/Login Tests"],"duration":188,"failing":false,"failureDetails":[],"failureMessages":[],"fullName":"Bulk Users Register/Login Tests Register user {\n  Firstname: 'Bulk3',\n  Lastname: 'Tester',\n  email: 'bulkuser3@example.com',\n  phone: '90000000103',\n  password: 'Test@1234',\n  confirmPassword: 'Test@1234'\n}","invocations":1,"location":null,"numPassingAsserts":2,"retryReasons":[],"startAt":1771151432061,"status":"passed","title":"Register user {\n  Firstname: 'Bulk3',\n  Lastname: 'Tester',\n  email: 'bulkuser3@example.com',\n  phone: '90000000103',\n  password: 'Test@1234',\n  confirmPassword: 'Test@1234'\n}"},{"ancestorTitles":["Bulk Users Register/Login Tests"],"duration":131,"failing":false,"failureDetails":[],"failureMessages":[],"fullName":"Bulk Users Register/Login Tests Register user {\n  Firstname: 'Bulk4',\n  Lastname: 'Tester',\n  email: 'bulkuser4@example.com',\n  phone: '90000000104',\n  password: 'Test@1234',\n  confirmPassword: 'Test@1234'\n}","invocations":1,"location":null,"numPassingAsserts":2,"retryReasons":[],"startAt":1771151432250,"status":"passed","title":"Register user {\n  Firstname: 'Bulk4',\n  Lastname: 'Tester',\n  email: 'bulkuser4@example.com',\n  phone: '90000000104',\n  password: 'Test@1234',\n  confirmPassword: 'Test@1234'\n}"},{"ancestorTitles":["Bulk Users Register/Login Tests"],"duration":124,"failing":false,"failureDetails":[],"failureMessages":[],"fullName":"Bulk Users Register/Login Tests Register user {\n  Firstname: 'Bulk5',\n  Lastname: 'Tester',\n  email: 'bulkuser5@example.com',\n  phone: '90000000105',\n  password: 'Test@1234',\n  confirmPassword: 'Test@1234'\n}","invocations":1,"location":null,"numPassingAsserts":2,"retryReasons":[],"startAt":1771151432383,"status":"passed","title":"Register user {\n  Firstname: 'Bulk5',\n  Lastname: 'Tester',\n  email: 'bulkuser5@example.com',\n  phone: '90000000105',\n  password: 'Test@1234',\n  confirmPassword: 'Test@1234'\n}"},{"ancestorTitles":["Bulk Users Register/Login Tests"],"duration":115,"failing":false,"failureDetails":[],"failureMessages":[],"fullName":"Bulk Users Register/Login Tests Register user {\n  Firstname: 'Bulk6',\n  Lastname: 'Tester',\n  email: 'bulkuser6@example.com',\n  phone: '90000000106',\n  password: 'Test@1234',\n  confirmPassword: 'Test@1234'\n}","invocations":1,"location":null,"numPassingAsserts":2,"retryReasons":[],"startAt":1771151432508,"status":"passed","title":"Register user {\n  Firstname: 'Bulk6',\n  Lastname: 'Tester',\n  email: 'bulkuser6@example.com',\n  phone: '90000000106',\n  password: 'Test@1234',\n  confirmPassword: 'Test@1234'\n}"},{"ancestorTitles":["Bulk Users Register/Login Tests"],"duration":121,"failing":false,"failureDetails":[],"failureMessages":[],"fullName":"Bulk Users Register/Login Tests Register user {\n  Firstname: 'Bulk7',\n  Lastname: 'Tester',\n  email: 'bulkuser7@example.com',\n  phone: '90000000107',\n  password: 'Test@1234',\n  confirmPassword: 'Test@1234'\n}","invocations":1,"location":null,"numPassingAsserts":2,"retryReasons":[],"startAt":1771151432624,"status":"passed","title":"Register user {\n  Firstname: 'Bulk7',\n  Lastname: 'Tester',\n  email: 'bulkuser7@example.com',\n  phone: '90000000107',\n  password: 'Test@1234',\n  confirmPassword: 'Test@1234'\n}"},{"ancestorTitles":["Bulk Users Register/Login Tests"],"duration":118,"failing":false,"failureDetails":[],"failureMessages":[],"fullName":"Bulk Users Register/Login Tests Register user {\n  Firstname: 'Bulk8',\n  Lastname: 'Tester',\n  email: 'bulkuser8@example.com',\n  phone: '90000000108',\n  password: 'Test@1234',\n  confirmPassword: 'Test@1234'\n}","invocations":1,"location":null,"numPassingAsserts":2,"retryReasons":[],"startAt":1771151432745,"status":"passed","title":"Register user {\n  Firstname: 'Bulk8',\n  Lastname: 'Tester',\n  email: 'bulkuser8@example.com',\n  phone: '90000000108',\n  password: 'Test@1234',\n  confirmPassword: 'Test@1234'\n}"},{"ancestorTitles":["Bulk Users Register/Login Tests"],"duration":112,"failing":false,"failureDetails":[],"failureMessages":[],"fullName":"Bulk Users Register/Login Tests Register user {\n  Firstname: 'Bulk9',\n  Lastname: 'Tester',\n  email: 'bulkuser9@example.com',\n  phone: '90000000109',\n  password: 'Test@1234',\n  confirmPassword: 'Test@1234'\n}","invocations":1,"location":null,"numPassingAsserts":2,"retryReasons":[],"startAt":1771151432864,"status":"passed","title":"Register user {\n  Firstname: 'Bulk9',\n  Lastname: 'Tester',\n  email: 'bulkuser9@example.com',\n  phone: '90000000109',\n  password: 'Test@1234',\n  confirmPassword: 'Test@1234'\n}"},{"ancestorTitles":["Bulk Users Register/Login Tests"],"duration":132,"failing":false,"failureDetails":[],"failureMessages":[],"fullName":"Bulk Users Register/Login Tests Login user {\n  Firstname: 'Bulk0',\n  Lastname: 'Tester',\n  email: 'bulkuser0@example.com',\n  phone: '90000000100',\n  password: 'Test@1234',\n  confirmPassword: 'Test@1234'\n}","invocations":1,"location":null,"numPassingAsserts":2,"retryReasons":[],"startAt":1771151432977,"status":"passed","title":"Login user {\n  Firstname: 'Bulk0',\n  Lastname: 'Tester',\n  email: 'bulkuser0@example.com',\n  phone: '90000000100',\n  password: 'Test@1234',\n  confirmPassword: 'Test@1234'\n}"},{"ancestorTitles":["Bulk Users Register/Login Tests"],"duration":141,"failing":false,"failureDetails":[],"failureMessages":[],"fullName":"Bulk Users Register/Login Tests Login user {\n  Firstname: 'Bulk1',\n  Lastname: 'Tester',\n  email: 'bulkuser1@example.com',\n  phone: '90000000101',\n  password: 'Test@1234',\n  confirmPassword: 'Test@1234'\n}","invocations":1,"location":null,"numPassingAsserts":2,"retryReasons":[],"startAt":1771151433110,"status":"passed","title":"Login user {\n  Firstname: 'Bulk1',\n  Lastname: 'Tester',\n  email: 'bulkuser1@example.com',\n  phone: '90000000101',\n  password: 'Test@1234',\n  confirmPassword: 'Test@1234'\n}"},{"ancestorTitles":["Bulk Users Register/Login Tests"],"duration":132,"failing":false,"failureDetails":[],"failureMessages":[],"fullName":"Bulk Users Register/Login Tests Login user {\n  Firstname: 'Bulk2',\n  Lastname: 'Tester',\n  email: 'bulkuser2@example.com',\n  phone: '90000000102',\n  password: 'Test@1234',\n  confirmPassword: 'Test@1234'\n}","invocations":1,"location":null,"numPassingAsserts":2,"retryReasons":[],"startAt":1771151433252,"status":"passed","title":"Login user {\n  Firstname: 'Bulk2',\n  Lastname: 'Tester',\n  email: 'bulkuser2@example.com',\n  phone: '90000000102',\n  password: 'Test@1234',\n  confirmPassword: 'Test@1234'\n}"},{"ancestorTitles":["Bulk Users Register/Login Tests"],"duration":149,"failing":false,"failureDetails":[],"failureMessages":[],"fullName":"Bulk Users Register/Login Tests Login user {\n  Firstname: 'Bulk3',\n  Lastname: 'Tester',\n  email: 'bulkuser3@example.com',\n  phone: '90000000103',\n  password: 'Test@1234',\n  confirmPassword: 'Test@1234'\n}","invocations":1,"location":null,"numPassingAsserts":2,"retryReasons":[],"startAt":1771151433385,"status":"passed","title":"Login user {\n  Firstname: 'Bulk3',\n  Lastname: 'Tester',\n  email: 'bulkuser3@example.com',\n  phone: '90000000103',\n  password: 'Test@1234',\n  confirmPassword: 'Test@1234'\n}"},{"ancestorTitles":["Bulk Users Register/Login Tests"],"duration":142,"failing":false,"failureDetails":[],"failureMessages":[],"fullName":"Bulk Users Register/Login Tests Login user {\n  Firstname: 'Bulk4',\n  Lastname: 'Tester',\n  email: 'bulkuser4@example.com',\n  phone: '90000000104',\n  password: 'Test@1234',\n  confirmPassword: 'Test@1234'\n}","invocations":1,"location":null,"numPassingAsserts":2,"retryReasons":[],"startAt":1771151433535,"status":"passed","title":"Login user {\n  Firstname: 'Bulk4',\n  Lastname: 'Tester',\n  email: 'bulkuser4@example.com',\n  phone: '90000000104',\n  password: 'Test@1234',\n  confirmPassword: 'Test@1234'\n}"},{"ancestorTitles":["Bulk Users Register/Login Tests"],"duration":114,"failing":false,"failureDetails":[],"failureMessages":[],"fullName":"Bulk Users Register/Login Tests Login user {\n  Firstname: 'Bulk5',\n  Lastname: 'Tester',\n  email: 'bulkuser5@example.com',\n  phone: '90000000105',\n  password: 'Test@1234',\n  confirmPassword: 'Test@1234'\n}","invocations":1,"location":null,"numPassingAsserts":2,"retryReasons":[],"startAt":1771151433678,"status":"passed","title":"Login user {\n  Firstname: 'Bulk5',\n  Lastname: 'Tester',\n  email: 'bulkuser5@example.com',\n  phone: '90000000105',\n  password: 'Test@1234',\n  confirmPassword: 'Test@1234'\n}"},{"ancestorTitles":["Bulk Users Register/Login Tests"],"duration":117,"failing":false,"failureDetails":[],"failureMessages":[],"fullName":"Bulk Users Register/Login Tests Login user {\n  Firstname: 'Bulk6',\n  Lastname: 'Tester',\n  email: 'bulkuser6@example.com',\n  phone: '90000000106',\n  password: 'Test@1234',\n  confirmPassword: 'Test@1234'\n}","invocations":1,"location":null,"numPassingAsserts":2,"retryReasons":[],"startAt":1771151433793,"status":"passed","title":"Login user {\n  Firstname: 'Bulk6',\n  Lastname: 'Tester',\n  email: 'bulkuser6@example.com',\n  phone: '90000000106',\n  password: 'Test@1234',\n  confirmPassword: 'Test@1234'\n}"},{"ancestorTitles":["Bulk Users Register/Login Tests"],"duration":108,"failing":false,"failureDetails":[],"failureMessages":[],"fullName":"Bulk Users Register/Login Tests Login user {\n  Firstname: 'Bulk7',\n  Lastname: 'Tester',\n  email: 'bulkuser7@example.com',\n  phone: '90000000107',\n  password: 'Test@1234',\n  confirmPassword: 'Test@1234'\n}","invocations":1,"location":null,"numPassingAsserts":2,"retryReasons":[],"startAt":1771151433910,"status":"passed","title":"Login user {\n  Firstname: 'Bulk7',\n  Lastname: 'Tester',\n  email: 'bulkuser7@example.com',\n  phone: '90000000107',\n  password: 'Test@1234',\n  confirmPassword: 'Test@1234'\n}"},{"ancestorTitles":["Bulk Users Register/Login Tests"],"duration":113,"failing":false,"failureDetails":[],"failureMessages":[],"fullName":"Bulk Users Register/Login Tests Login user {\n  Firstname: 'Bulk8',\n  Lastname: 'Tester',\n  email: 'bulkuser8@example.com',\n  phone: '90000000108',\n  password: 'Test@1234',\n  confirmPassword: 'Test@1234'\n}","invocations":1,"location":null,"numPassingAsserts":2,"retryReasons":[],"startAt":1771151434019,"status":"passed","title":"Login user {\n  Firstname: 'Bulk8',\n  Lastname: 'Tester',\n  email: 'bulkuser8@example.com',\n  phone: '90000000108',\n  password: 'Test@1234',\n  confirmPassword: 'Test@1234'\n}"},{"ancestorTitles":["Bulk Users Register/Login Tests"],"duration":103,"failing":false,"failureDetails":[],"failureMessages":[],"fullName":"Bulk Users Register/Login Tests Login user {\n  Firstname: 'Bulk9',\n  Lastname: 'Tester',\n  email: 'bulkuser9@example.com',\n  phone: '90000000109',\n  password: 'Test@1234',\n  confirmPassword: 'Test@1234'\n}","invocations":1,"location":null,"numPassingAsserts":2,"retryReasons":[],"startAt":1771151434133,"status":"passed","title":"Login user {\n  Firstname: 'Bulk9',\n  Lastname: 'Tester',\n  email: 'bulkuser9@example.com',\n  phone: '90000000109',\n  password: 'Test@1234',\n  confirmPassword: 'Test@1234'\n}"}],"endTime":1771151434334,"message":"","name":"D:\\PawCare-Backend\\src\\__tests__\\integration\\bulk-users.test.ts","startTime":1771151429264,"status":"passed","summary":""},{"assertionResults":[{"ancestorTitles":["HealthRecord Integration Tests"],"duration":42,"failing":false,"failureDetails":[],"failureMessages":[],"fullName":"HealthRecord Integration Tests POST /api/health-record should create a health record","invocations":1,"location":null,"numPassingAsserts":3,"retryReasons":[],"startAt":1771151436828,"status":"passed","title":"POST /api/health-record should create a health record"},{"ancestorTitles":["HealthRecord Integration Tests"],"duration":41,"failing":false,"failureDetails":[],"failureMessages":[],"fullName":"HealthRecord Integration Tests GET /api/health-record/pet/:petId should list records","invocations":1,"location":null,"numPassingAsserts":2,"retryReasons":[],"startAt":1771151436870,"status":"passed","title":"GET /api/health-record/pet/:petId should list records"},{"ancestorTitles":["HealthRecord Integration Tests"],"duration":31,"failing":false,"failureDetails":[],"failureMessages":[],"fullName":"HealthRecord Integration Tests GET /api/health-record/:id should return record","invocations":1,"location":null,"numPassingAsserts":2,"retryReasons":[],"startAt":1771151436913,"status":"passed","title":"GET /api/health-record/:id should return record"},{"ancestorTitles":["HealthRecord Integration Tests"],"duration":41,"failing":false,"failureDetails":[],"failureMessages":[],"fullName":"HealthRecord Integration Tests PUT /api/health-record/:id should update record","invocations":1,"location":null,"numPassingAsserts":2,"retryReasons":[],"startAt":1771151436945,"status":"passed","title":"PUT /api/health-record/:id should update record"},{"ancestorTitles":["HealthRecord Integration Tests"],"duration":37,"failing":false,"failureDetails":[],"failureMessages":[],"fullName":"HealthRecord Integration Tests DELETE /api/health-record/:id should remove record","invocations":1,"location":null,"numPassingAsserts":2,"retryReasons":[],"startAt":1771151436987,"status":"passed","title":"DELETE /api/health-record/:id should remove record"}],"endTime":1771151437096,"message":"","name":"D:\\PawCare-Backend\\src\\__tests__\\integration\\healthrecord.test.ts","startTime":1771151434350,"status":"passed","summary":""},{"assertionResults":[{"ancestorTitles":["Provider Integration Tests"],"duration":287,"failing":false,"failureDetails":[],"failureMessages":[],"fullName":"Provider Integration Tests POST /api/provider/register should create provider","invocations":1,"location":null,"numPassingAsserts":2,"retryReasons":[],"startAt":1771151439327,"status":"passed","title":"POST /api/provider/register should create provider"},{"ancestorTitles":["Provider Integration Tests"],"duration":110,"failing":false,"failureDetails":[],"failureMessages":[],"fullName":"Provider Integration Tests POST /api/provider/login should login provider","invocations":1,"location":null,"numPassingAsserts":3,"retryReasons":[],"startAt":1771151439615,"status":"passed","title":"POST /api/provider/login should login provider"},{"ancestorTitles":["Provider Integration Tests"],"duration":85,"failing":false,"failureDetails":[],"failureMessages":[],"fullName":"Provider Integration Tests GET /api/provider should list providers and GET /api/provider/:id should return provider","invocations":1,"location":null,"numPassingAsserts":5,"retryReasons":[],"startAt":1771151439725,"status":"passed","title":"GET /api/provider should list providers and GET /api/provider/:id should return provider"}],"endTime":1771151439865,"message":"","name":"D:\\PawCare-Backend\\src\\__tests__\\integration\\provider.test.ts","startTime":1771151437107,"status":"passed","summary":""},{"assertionResults":[{"ancestorTitles":["Pet Integration Tests"],"duration":366,"failing":false,"failureDetails":[],"failureMessages":[],"fullName":"Pet Integration Tests register and login user","invocations":1,"location":null,"numPassingAsserts":3,"retryReasons":[],"startAt":1771151441810,"status":"passed","title":"register and login user"},{"ancestorTitles":["Pet Integration Tests"],"duration":30,"failing":false,"failureDetails":[],"failureMessages":[],"fullName":"Pet Integration Tests POST /api/user/pet should create a pet","invocations":1,"location":null,"numPassingAsserts":2,"retryReasons":[],"startAt":1771151442177,"status":"passed","title":"POST /api/user/pet should create a pet"},{"ancestorTitles":["Pet Integration Tests"],"duration":77,"failing":false,"failureDetails":[],"failureMessages":[],"fullName":"Pet Integration Tests PUT /api/user/pet/:id should update pet and DELETE should remove it","invocations":1,"location":null,"numPassingAsserts":5,"retryReasons":[],"startAt":1771151442208,"status":"passed","title":"PUT /api/user/pet/:id should update pet and DELETE should remove it"},{"ancestorTitles":["Pet Integration Tests"],"duration":28,"failing":false,"failureDetails":[],"failureMessages":[],"fullName":"Pet Integration Tests GET /api/user/pet should list user pets","invocations":1,"location":null,"numPassingAsserts":2,"retryReasons":[],"startAt":1771151442286,"status":"passed","title":"GET /api/user/pet should list user pets"}],"endTime":1771151442386,"message":"","name":"D:\\PawCare-Backend\\src\\__tests__\\integration\\pet.test.ts","startTime":1771151439876,"status":"passed","summary":""},{"assertionResults":[{"ancestorTitles":["Auhentication Integration Tests","POST /api/auth/register"],"duration":201,"failing":false,"failureDetails":[],"failureMessages":[],"fullName":"Auhentication Integration Tests POST /api/auth/register should register a new user","invocations":1,"location":null,"numPassingAsserts":2,"retryReasons":[],"startAt":1771151444310,"status":"passed","title":"should register a new user"},{"ancestorTitles":["Auhentication Integration Tests","POST /api/auth/login"],"duration":121,"failing":false,"failureDetails":[],"failureMessages":[],"fullName":"Auhentication Integration Tests POST /api/auth/login should login an existing user","invocations":1,"location":null,"numPassingAsserts":2,"retryReasons":[],"startAt":1771151444511,"status":"passed","title":"should login an existing user"}],"endTime":1771151444653,"message":"","name":"D:\\PawCare-Backend\\src\\__tests__\\integration\\auth.test.ts","startTime":1771151442395,"status":"passed","summary":""}],"wasInterrupted":false}
